Using pre-set license
Built from '2020.3/release' branch; Version is '2020.3.2f1 (8fd9074bf66c) revision 9427207'; Using compiler version '192528614'; Build Type 'Release'
OS: 'Windows 10 Home Single Language; OS build 21382.1000; Version 2009; 64bit' Language: 'en' Physical Memory: 8044 MB
BatchMode: 1, IsHumanControllingUs: 0, StartBugReporterOnCrash: 0, Is64bit: 1, IsPro: 0

 COMMAND LINE ARGUMENTS:
C:\Program Files\Unity\Hub\Editor\2020.3.2f1\Editor\Unity.exe
-adb2
-batchMode
-noUpm
-name
AssetImportWorker0
-projectPath
C:/Users/abdul/Desktop/DrivingMechanicsLearning/Driving-Simulator/Driving-Simulator/DrivingSimulator(Main)
-logFile
Logs/AssetImportWorker0.log
-srvPort
56547
Successfully changed project path to: C:/Users/abdul/Desktop/DrivingMechanicsLearning/Driving-Simulator/Driving-Simulator/DrivingSimulator(Main)
C:/Users/abdul/Desktop/DrivingMechanicsLearning/Driving-Simulator/Driving-Simulator/DrivingSimulator(Main)
Using Asset Import Pipeline V2.
Refreshing native plugins compatible for Editor in 34.57 ms, found 0 plugins.
Preloading 0 native plugins for Editor in 0.00 ms.
Initialize engine version: 2020.3.2f1 (8fd9074bf66c)
[Subsystems] Discovering subsystems at path C:/Program Files/Unity/Hub/Editor/2020.3.2f1/Editor/Data/Resources/UnitySubsystems
[Subsystems] Discovering subsystems at path C:/Users/abdul/Desktop/DrivingMechanicsLearning/Driving-Simulator/Driving-Simulator/DrivingSimulator(Main)/Assets
GfxDevice: creating device client; threaded=0
Direct3D:
    Version:  Direct3D 11.0 [level 11.1]
    Renderer: NVIDIA GeForce GTX 1050 (ID=0x1c8d)
    Vendor:   
    VRAM:     4019 MB
    Driver:   27.21.14.6627
Initialize mono
Mono path[0] = 'C:/Program Files/Unity/Hub/Editor/2020.3.2f1/Editor/Data/Managed'
Mono path[1] = 'C:/Program Files/Unity/Hub/Editor/2020.3.2f1/Editor/Data/MonoBleedingEdge/lib/mono/unityjit'
Mono config path = 'C:/Program Files/Unity/Hub/Editor/2020.3.2f1/Editor/Data/MonoBleedingEdge/etc'
Using monoOptions --debugger-agent=transport=dt_socket,embedding=1,server=y,suspend=n,address=127.0.0.1:56748
Begin MonoManager ReloadAssembly
Registering precompiled unity dll's ...
Register platform support module: C:/Program Files/Unity/Hub/Editor/2020.3.2f1/Editor/Data/PlaybackEngines/WindowsStandaloneSupport/UnityEditor.WindowsStandalone.Extensions.dll
Registered in 0.003406 seconds.
Native extension for WindowsStandalone target not found
Refreshing native plugins compatible for Editor in 41.04 ms, found 0 plugins.
Preloading 0 native plugins for Editor in 0.00 ms.
Invoked RoslynAnalysisRunner static constructor.
RoslynAnalysisRunner will not be running.
RoslynAnalysisRunner has terminated.
Mono: successfully reloaded assembly
- Completed reload, in  2.933 seconds
Platform modules already initialized, skipping
Registering precompiled user dll's ...
Registered in 0.001015 seconds.
Begin MonoManager ReloadAssembly
Native extension for WindowsStandalone target not found
Refreshing native plugins compatible for Editor in 0.33 ms, found 0 plugins.
Preloading 0 native plugins for Editor in 0.00 ms.
Invoked RoslynAnalysisRunner static constructor.
RoslynAnalysisRunner will not be running.
RoslynAnalysisRunner has terminated.
Mono: successfully reloaded assembly
- Completed reload, in  1.186 seconds
Platform modules already initialized, skipping
========================================================================
Worker process is ready to serve import requests
Launched and connected shader compiler UnityShaderCompiler.exe after 0.08 seconds
Refreshing native plugins compatible for Editor in 0.38 ms, found 0 plugins.
Preloading 0 native plugins for Editor in 0.00 ms.
Unloading 1114 Unused Serialized files (Serialized files now loaded: 0)
System memory in use before: 58.7 MB.
System memory in use after: 58.8 MB.

Unloading 9 unused Assets to reduce memory usage. Loaded Objects now: 1570.
Total: 2.469300 ms (FindLiveObjects: 0.251700 ms CreateObjectMapping: 0.070400 ms MarkObjects: 2.063500 ms  DeleteObjects: 0.081600 ms)

========================================================================
Received Import Request.
  path: Assets/Assets/Prefabs/buildings and road/Demo_Asphalt.prefab
  artifactKey: Guid(3f4c45eccaa8ce042bc09a6242f7ab47) Importer(815301076,1909f56bfc062723c751e8b465ee728b)
Start importing Assets/Assets/Prefabs/buildings and road/Demo_Asphalt.prefab using Guid(3f4c45eccaa8ce042bc09a6242f7ab47) Importer(815301076,1909f56bfc062723c751e8b465ee728b)  -> (artifact id: '4838680729376b04a34cf38ab9e3dfab') in 0.197469 seconds
  Import took 0.201104 seconds .

========================================================================
Received Import Request.
  Time since last request: 0.000411 seconds.
  path: Assets/Assets/Prefabs
  artifactKey: Guid(2d981725563b27847b82e235017e9346) Importer(815301076,1909f56bfc062723c751e8b465ee728b)
Start importing Assets/Assets/Prefabs using Guid(2d981725563b27847b82e235017e9346) Importer(815301076,1909f56bfc062723c751e8b465ee728b)  -> (artifact id: '924aeed0c5a1561862d2ae635e0f3a65') in 0.023371 seconds
  Import took 0.030214 seconds .

========================================================================
Received Import Request.
  Time since last request: 0.000462 seconds.
  path: Assets/Assets/Prefabs/buildings and road/Demo_Block Variant.prefab
  artifactKey: Guid(d84c34b07b445a7439437682cbda342f) Importer(815301076,1909f56bfc062723c751e8b465ee728b)
Start importing Assets/Assets/Prefabs/buildings and road/Demo_Block Variant.prefab using Guid(d84c34b07b445a7439437682cbda342f) Importer(815301076,1909f56bfc062723c751e8b465ee728b)  -> (artifact id: '85e5b1057aa5f5bb4eadb92afd242a8c') in 0.071395 seconds
  Import took 0.077233 seconds .

========================================================================
Received Import Request.
  Time since last request: 0.000391 seconds.
  path: Assets/Assets/Prefabs/buildings and road
  artifactKey: Guid(70a128b7202b84346883ce22cad6f23f) Importer(815301076,1909f56bfc062723c751e8b465ee728b)
Start importing Assets/Assets/Prefabs/buildings and road using Guid(70a128b7202b84346883ce22cad6f23f) Importer(815301076,1909f56bfc062723c751e8b465ee728b)  -> (artifact id: 'dac15c4b3735cf6b06580f27a2ebb157') in 0.016544 seconds
  Import took 0.021150 seconds .

========================================================================
Received Import Request.
  Time since last request: 0.000449 seconds.
  path: Assets/Assets/Prefabs/buildings and road/Sidewalk (1).prefab
  artifactKey: Guid(fd82c283e612b7f4b9c381f69c75146f) Importer(815301076,1909f56bfc062723c751e8b465ee728b)
Start importing Assets/Assets/Prefabs/buildings and road/Sidewalk (1).prefab using Guid(fd82c283e612b7f4b9c381f69c75146f) Importer(815301076,1909f56bfc062723c751e8b465ee728b)  -> (artifact id: '83a1e09cde274b77aaf05ad9cac8e904') in 0.045841 seconds
  Import took 0.051234 seconds .

========================================================================
Received Import Request.
  Time since last request: 0.000491 seconds.
  path: Assets/Assets/Prefabs/buildings and road/Demo_Crossing (1).prefab
  artifactKey: Guid(07bb793e0a1267e4f951a74c18e1f445) Importer(815301076,1909f56bfc062723c751e8b465ee728b)
Start importing Assets/Assets/Prefabs/buildings and road/Demo_Crossing (1).prefab using Guid(07bb793e0a1267e4f951a74c18e1f445) Importer(815301076,1909f56bfc062723c751e8b465ee728b)  -> (artifact id: '9e8a3162f71c4cdd32df265a44dfaec0') in 0.043488 seconds
  Import took 0.050080 seconds .

========================================================================
Received Import Request.
  Time since last request: 0.001063 seconds.
  path: Assets/Assets
  artifactKey: Guid(8687a2e19211043439c0f643a2048173) Importer(815301076,1909f56bfc062723c751e8b465ee728b)
Start importing Assets/Assets using Guid(8687a2e19211043439c0f643a2048173) Importer(815301076,1909f56bfc062723c751e8b465ee728b)  -> (artifact id: '3cbe55ded94e043ecbf88c9c17c75531') in 0.025825 seconds
  Import took 0.036334 seconds .

========================================================================
Received Import Request.
  Time since last request: 37.262014 seconds.
  path: Assets/Assets/Prefabs/buildings and road/Demo_Asphalt.prefab
  artifactKey: Guid(3f4c45eccaa8ce042bc09a6242f7ab47) Importer(815301076,1909f56bfc062723c751e8b465ee728b)
Start importing Assets/Assets/Prefabs/buildings and road/Demo_Asphalt.prefab using Guid(3f4c45eccaa8ce042bc09a6242f7ab47) Importer(815301076,1909f56bfc062723c751e8b465ee728b)  -> (artifact id: '4a0ffe86570e575b58a4519302d10616') in 0.023357 seconds
  Import took 0.032607 seconds .

========================================================================
Received Import Request.
  Time since last request: 17.844548 seconds.
  path: Assets/Assets/Prefabs/buildings and road/Demo_Asphalt.prefab
  artifactKey: Guid(3f4c45eccaa8ce042bc09a6242f7ab47) Importer(815301076,1909f56bfc062723c751e8b465ee728b)
Start importing Assets/Assets/Prefabs/buildings and road/Demo_Asphalt.prefab using Guid(3f4c45eccaa8ce042bc09a6242f7ab47) Importer(815301076,1909f56bfc062723c751e8b465ee728b)  -> (artifact id: '13eb716a80abe9958e4bf42ae47942f6') in 0.029806 seconds
  Import took 0.033988 seconds .

========================================================================
Received Import Request.
  Time since last request: 4.581316 seconds.
  path: Assets/Assets/Prefabs/buildings and road/Demo_Asphalt.prefab
  artifactKey: Guid(3f4c45eccaa8ce042bc09a6242f7ab47) Importer(815301076,1909f56bfc062723c751e8b465ee728b)
Start importing Assets/Assets/Prefabs/buildings and road/Demo_Asphalt.prefab using Guid(3f4c45eccaa8ce042bc09a6242f7ab47) Importer(815301076,1909f56bfc062723c751e8b465ee728b)  -> (artifact id: '56b7cd775953bb8c7f688af44d448dd7') in 0.033361 seconds
  Import took 0.036494 seconds .

========================================================================
Received Import Request.
  Time since last request: 13.833524 seconds.
  path: Assets/Assets/Prefabs/buildings and road/Demo_Crossing (1).prefab
  artifactKey: Guid(07bb793e0a1267e4f951a74c18e1f445) Importer(815301076,1909f56bfc062723c751e8b465ee728b)
Start importing Assets/Assets/Prefabs/buildings and road/Demo_Crossing (1).prefab using Guid(07bb793e0a1267e4f951a74c18e1f445) Importer(815301076,1909f56bfc062723c751e8b465ee728b)  -> (artifact id: 'd185a8eed77c19a7eb821cd9f2d5e350') in 0.023509 seconds
  Import took 0.028105 seconds .

========================================================================
Received Import Request.
  Time since last request: 0.011163 seconds.
  path: Assets/Assets/Prefabs/buildings and road/Demo_Crossing (1).prefab
  artifactKey: Guid(07bb793e0a1267e4f951a74c18e1f445) Importer(815301076,1909f56bfc062723c751e8b465ee728b)
Start importing Assets/Assets/Prefabs/buildings and road/Demo_Crossing (1).prefab using Guid(07bb793e0a1267e4f951a74c18e1f445) Importer(815301076,1909f56bfc062723c751e8b465ee728b)  -> (artifact id: 'd185a8eed77c19a7eb821cd9f2d5e350') in 0.039443 seconds
  Import took 0.044259 seconds .

========================================================================
Received Import Request.
  Time since last request: 27.056235 seconds.
  path: Assets/Assets/Prefabs/buildings and road/Demo_Crossing (1).prefab
  artifactKey: Guid(07bb793e0a1267e4f951a74c18e1f445) Importer(815301076,1909f56bfc062723c751e8b465ee728b)
Start importing Assets/Assets/Prefabs/buildings and road/Demo_Crossing (1).prefab using Guid(07bb793e0a1267e4f951a74c18e1f445) Importer(815301076,1909f56bfc062723c751e8b465ee728b)  -> (artifact id: '66076d55d3155d299aafd0a547372438') in 0.026904 seconds
  Import took 0.030344 seconds .

========================================================================
Received Prepare
Registering precompiled user dll's ...
Registered in 0.002151 seconds.
Begin MonoManager ReloadAssembly
Native extension for WindowsStandalone target not found
Refreshing native plugins compatible for Editor in 0.26 ms, found 0 plugins.
Preloading 0 native plugins for Editor in 0.00 ms.
Invoked RoslynAnalysisRunner static constructor.
RoslynAnalysisRunner will not be running.
RoslynAnalysisRunner has terminated.
Mono: successfully reloaded assembly
- Completed reload, in  1.163 seconds
Platform modules already initialized, skipping
Refreshing native plugins compatible for Editor in 0.42 ms, found 0 plugins.
Preloading 0 native plugins for Editor in 0.00 ms.
Unloading 1141 Unused Serialized files (Serialized files now loaded: 0)
System memory in use before: 63.7 MB.
System memory in use after: 63.2 MB.

Unloading 7 unused Assets to reduce memory usage. Loaded Objects now: 1610.
Total: 2.639600 ms (FindLiveObjects: 0.205100 ms CreateObjectMapping: 0.055200 ms MarkObjects: 1.973400 ms  DeleteObjects: 0.405100 ms)

========================================================================
Received Import Request.
  Time since last request: 5411.833239 seconds.
  path: Assets/Standard Assets/Vehicles/Car/Prefabs
  artifactKey: Guid(19d015355475a124d93936c8bef9f5de) Importer(815301076,1909f56bfc062723c751e8b465ee728b)
Start importing Assets/Standard Assets/Vehicles/Car/Prefabs using Guid(19d015355475a124d93936c8bef9f5de) Importer(815301076,1909f56bfc062723c751e8b465ee728b)  -> (artifact id: 'ae8ea12afa762fb64ab343570bf95c99') in 0.020849 seconds
  Import took 0.025578 seconds .

========================================================================
Received Import Request.
  Time since last request: 0.000629 seconds.
  path: Assets/Standard Assets/Vehicles/Car/Prefabs
  artifactKey: Guid(19d015355475a124d93936c8bef9f5de) Importer(815301076,1909f56bfc062723c751e8b465ee728b)
Start importing Assets/Standard Assets/Vehicles/Car/Prefabs using Guid(19d015355475a124d93936c8bef9f5de) Importer(815301076,1909f56bfc062723c751e8b465ee728b)  -> (artifact id: 'ae8ea12afa762fb64ab343570bf95c99') in 0.007146 seconds
  Import took 0.010543 seconds .

========================================================================
Received Import Request.
  Time since last request: 0.055258 seconds.
  path: Assets/Standard Assets/Vehicles/Car/Prefabs/Car.prefab
  artifactKey: Guid(0e7ee4df08df88c4880f43398f9ad2c2) Importer(815301076,1909f56bfc062723c751e8b465ee728b)
Start importing Assets/Standard Assets/Vehicles/Car/Prefabs/Car.prefab using Guid(0e7ee4df08df88c4880f43398f9ad2c2) Importer(815301076,1909f56bfc062723c751e8b465ee728b)  -> (artifact id: '9208a12afb8f379328c86ef44029d5ab') in 1.027272 seconds
  Import took 1.032486 seconds .

========================================================================
Received Import Request.
  Time since last request: 0.000399 seconds.
  path: Assets/Standard Assets/Vehicles/Car/Prefabs/SkidTrail.prefab
  artifactKey: Guid(4b6aa99de5d21424eab6ae279f31475b) Importer(815301076,1909f56bfc062723c751e8b465ee728b)
Start importing Assets/Standard Assets/Vehicles/Car/Prefabs/SkidTrail.prefab using Guid(4b6aa99de5d21424eab6ae279f31475b) Importer(815301076,1909f56bfc062723c751e8b465ee728b)  -> (artifact id: '2afe8b6326845aa6ecf1038427a9e03b') in 0.020671 seconds
  Import took 0.023868 seconds .

========================================================================
Received Import Request.
  Time since last request: 0.000825 seconds.
  path: Assets/Standard Assets/Vehicles/Car/Prefabs/CarWaypointBased.prefab
  artifactKey: Guid(0fb4610dba67fc24cb2a6674fb155fc1) Importer(815301076,1909f56bfc062723c751e8b465ee728b)
Start importing Assets/Standard Assets/Vehicles/Car/Prefabs/CarWaypointBased.prefab using Guid(0fb4610dba67fc24cb2a6674fb155fc1) Importer(815301076,1909f56bfc062723c751e8b465ee728b)  -> (artifact id: '9e132786f6b06b5f68ac5c624721d258') in 0.153745 seconds
  Import took 0.157685 seconds .

========================================================================
Received Prepare
Registering precompiled user dll's ...
Registered in 0.001128 seconds.
Begin MonoManager ReloadAssembly
Native extension for WindowsStandalone target not found
Refreshing native plugins compatible for Editor in 0.28 ms, found 0 plugins.
Preloading 0 native plugins for Editor in 0.00 ms.
Invoked RoslynAnalysisRunner static constructor.
RoslynAnalysisRunner will not be running.
RoslynAnalysisRunner has terminated.
Mono: successfully reloaded assembly
- Completed reload, in  1.463 seconds
Platform modules already initialized, skipping
Refreshing native plugins compatible for Editor in 0.45 ms, found 0 plugins.
Preloading 0 native plugins for Editor in 0.00 ms.
Unloading 1140 Unused Serialized files (Serialized files now loaded: 0)
System memory in use before: 64.1 MB.
System memory in use after: 63.6 MB.

Unloading 7 unused Assets to reduce memory usage. Loaded Objects now: 1618.
Total: 2.685500 ms (FindLiveObjects: 0.161800 ms CreateObjectMapping: 0.047700 ms MarkObjects: 1.994800 ms  DeleteObjects: 0.479700 ms)

========================================================================
Received Import Request.
  Time since last request: 167.173264 seconds.
  path: Assets/Assets/Prefabs/Car
  artifactKey: Guid(7da02e3aa76543c4b9f6a461bd2d769f) Importer(815301076,1909f56bfc062723c751e8b465ee728b)
Start importing Assets/Assets/Prefabs/Car using Guid(7da02e3aa76543c4b9f6a461bd2d769f) Importer(815301076,1909f56bfc062723c751e8b465ee728b)  -> (artifact id: '99f329d6a5eacaa2ed423b9f89024c9b') in 0.010441 seconds
  Import took 0.014154 seconds .

========================================================================
Received Import Request.
  Time since last request: 5.137233 seconds.
  path: Assets/Assets/Prefabs/Car/Car.prefab
  artifactKey: Guid(9196a1724dd58e246b790c4ae0457718) Importer(815301076,1909f56bfc062723c751e8b465ee728b)
Start importing Assets/Assets/Prefabs/Car/Car.prefab using Guid(9196a1724dd58e246b790c4ae0457718) Importer(815301076,1909f56bfc062723c751e8b465ee728b)  -> (artifact id: 'd455244a07b2d2fe158795225adfe240') in 0.208202 seconds
  Import took 0.214810 seconds .

========================================================================
Received Import Request.
  Time since last request: 0.020596 seconds.
  path: Assets/Assets/Prefabs/Car/Car.prefab
  artifactKey: Guid(9196a1724dd58e246b790c4ae0457718) Importer(815301076,1909f56bfc062723c751e8b465ee728b)
Start importing Assets/Assets/Prefabs/Car/Car.prefab using Guid(9196a1724dd58e246b790c4ae0457718) Importer(815301076,1909f56bfc062723c751e8b465ee728b)  -> (artifact id: 'd455244a07b2d2fe158795225adfe240') in 0.075670 seconds
  Import took 0.080558 seconds .

========================================================================
Received Import Request.
  Time since last request: 76.039926 seconds.
  path: Assets/Standard Assets/Cameras/Scripts/FreeLookCam.cs
  artifactKey: Guid(e44af8091779fcb40801d5b284353dbe) Importer(815301076,1909f56bfc062723c751e8b465ee728b)
Start importing Assets/Standard Assets/Cameras/Scripts/FreeLookCam.cs using Guid(e44af8091779fcb40801d5b284353dbe) Importer(815301076,1909f56bfc062723c751e8b465ee728b)  -> (artifact id: 'a94a8f21e6ed5a383d81eb2d97110f1c') in 0.060727 seconds
  Import took 0.065094 seconds .

========================================================================
Received Import Request.
  Time since last request: 6.295580 seconds.
  path: Assets/Standard Assets/Cameras/Scripts/AutoCam.cs
  artifactKey: Guid(a8d3968294210ba4a9d2bb96dfa74a16) Importer(815301076,1909f56bfc062723c751e8b465ee728b)
Start importing Assets/Standard Assets/Cameras/Scripts/AutoCam.cs using Guid(a8d3968294210ba4a9d2bb96dfa74a16) Importer(815301076,1909f56bfc062723c751e8b465ee728b)  -> (artifact id: '30f509d476e5399f25dd03edb31bda86') in 0.016221 seconds
  Import took 0.025713 seconds .

========================================================================
Received Import Request.
  Time since last request: 0.003680 seconds.
  path: Assets/Standard Assets/Cameras/Scripts/AutoCam.cs
  artifactKey: Guid(a8d3968294210ba4a9d2bb96dfa74a16) Importer(815301076,1909f56bfc062723c751e8b465ee728b)
Start importing Assets/Standard Assets/Cameras/Scripts/AutoCam.cs using Guid(a8d3968294210ba4a9d2bb96dfa74a16) Importer(815301076,1909f56bfc062723c751e8b465ee728b)  -> (artifact id: '30f509d476e5399f25dd03edb31bda86') in 0.008360 seconds
  Import took 0.011950 seconds .

========================================================================
Received Import Request.
  Time since last request: 3.991947 seconds.
  path: Assets/Standard Assets/Cameras/Scripts/AbstractTargetFollower.cs
  artifactKey: Guid(89a534d869bfccd49bebf7cb6fb244b6) Importer(815301076,1909f56bfc062723c751e8b465ee728b)
Start importing Assets/Standard Assets/Cameras/Scripts/AbstractTargetFollower.cs using Guid(89a534d869bfccd49bebf7cb6fb244b6) Importer(815301076,1909f56bfc062723c751e8b465ee728b)  -> (artifact id: '9aad3c085a480420c0ca4099ee68a143') in 0.015727 seconds
  Import took 0.018916 seconds .

========================================================================
Received Import Request.
  Time since last request: 10.389188 seconds.
  path: Assets/Standard Assets/Cameras/Scripts/HandHeldCam.cs
  artifactKey: Guid(d947636a9390f6a46a121124154e6e3f) Importer(815301076,1909f56bfc062723c751e8b465ee728b)
Start importing Assets/Standard Assets/Cameras/Scripts/HandHeldCam.cs using Guid(d947636a9390f6a46a121124154e6e3f) Importer(815301076,1909f56bfc062723c751e8b465ee728b)  -> (artifact id: '67042bc01b1b816410bab4560978f8d6') in 0.016452 seconds
  Import took 0.019630 seconds .

========================================================================
Received Import Request.
  Time since last request: 2.059220 seconds.
  path: Assets/Standard Assets/Cameras/Scripts/LookatTarget.cs
  artifactKey: Guid(f2ec2b96de5640e42a622fc3064f1c80) Importer(815301076,1909f56bfc062723c751e8b465ee728b)
Start importing Assets/Standard Assets/Cameras/Scripts/LookatTarget.cs using Guid(f2ec2b96de5640e42a622fc3064f1c80) Importer(815301076,1909f56bfc062723c751e8b465ee728b)  -> (artifact id: 'fb26c0b4a4b3414f49b3b8269571db42') in 0.020424 seconds
  Import took 0.023592 seconds .

========================================================================
Received Import Request.
  Time since last request: 2.797563 seconds.
  path: Assets/Standard Assets/Cameras/Scripts/PivotBasedCameraRig.cs
  artifactKey: Guid(58cb183e16853564e9ed457f8a296db1) Importer(815301076,1909f56bfc062723c751e8b465ee728b)
Start importing Assets/Standard Assets/Cameras/Scripts/PivotBasedCameraRig.cs using Guid(58cb183e16853564e9ed457f8a296db1) Importer(815301076,1909f56bfc062723c751e8b465ee728b)  -> (artifact id: '503fb36fdf60dd5a547fae901bcd95e8') in 0.018327 seconds
  Import took 0.022419 seconds .

========================================================================
Received Import Request.
  Time since last request: 3.655123 seconds.
  path: Assets/Standard Assets/Cameras/Scripts/ProtectCameraFromWallClip.cs
  artifactKey: Guid(94b04ec3bda6b7747aa53936ef3b0ae2) Importer(815301076,1909f56bfc062723c751e8b465ee728b)
Start importing Assets/Standard Assets/Cameras/Scripts/ProtectCameraFromWallClip.cs using Guid(94b04ec3bda6b7747aa53936ef3b0ae2) Importer(815301076,1909f56bfc062723c751e8b465ee728b)  -> (artifact id: '8b902a0cbe44504025a50487dd5ea3c1') in 0.017410 seconds
  Import took 0.020365 seconds .

========================================================================
Received Import Request.
  Time since last request: 2.721550 seconds.
  path: Assets/Standard Assets/Cameras/Scripts/TargetFieldOfView.cs
  artifactKey: Guid(a62942d9af3f36d448094c6ed1f214dd) Importer(815301076,1909f56bfc062723c751e8b465ee728b)
Start importing Assets/Standard Assets/Cameras/Scripts/TargetFieldOfView.cs using Guid(a62942d9af3f36d448094c6ed1f214dd) Importer(815301076,1909f56bfc062723c751e8b465ee728b)  -> (artifact id: '16a2ed33453f5c1001ea9fb1c032cd0a') in 0.021041 seconds
  Import took 0.024188 seconds .

========================================================================
Received Import Request.
  Time since last request: 0.002288 seconds.
  path: Assets/Standard Assets/Cameras/Scripts/TargetFieldOfView.cs
  artifactKey: Guid(a62942d9af3f36d448094c6ed1f214dd) Importer(815301076,1909f56bfc062723c751e8b465ee728b)
Start importing Assets/Standard Assets/Cameras/Scripts/TargetFieldOfView.cs using Guid(a62942d9af3f36d448094c6ed1f214dd) Importer(815301076,1909f56bfc062723c751e8b465ee728b)  -> (artifact id: '16a2ed33453f5c1001ea9fb1c032cd0a') in 0.007335 seconds
  Import took 0.010329 seconds .

========================================================================
Received Prepare
Registering precompiled user dll's ...
Registered in 0.001410 seconds.
Begin MonoManager ReloadAssembly
Native extension for WindowsStandalone target not found
Refreshing native plugins compatible for Editor in 0.30 ms, found 0 plugins.
Preloading 0 native plugins for Editor in 0.00 ms.
Invoked RoslynAnalysisRunner static constructor.
RoslynAnalysisRunner will not be running.
RoslynAnalysisRunner has terminated.
Mono: successfully reloaded assembly
- Completed reload, in  1.620 seconds
Platform modules already initialized, skipping
Refreshing native plugins compatible for Editor in 0.38 ms, found 0 plugins.
Preloading 0 native plugins for Editor in 0.00 ms.
Unloading 1140 Unused Serialized files (Serialized files now loaded: 0)
System memory in use before: 64.1 MB.
System memory in use after: 63.7 MB.

Unloading 7 unused Assets to reduce memory usage. Loaded Objects now: 1622.
Total: 3.355600 ms (FindLiveObjects: 0.302300 ms CreateObjectMapping: 0.133100 ms MarkObjects: 2.346100 ms  DeleteObjects: 0.571500 ms)

========================================================================
Received Prepare
Registering precompiled user dll's ...
Registered in 0.001524 seconds.
Begin MonoManager ReloadAssembly
Native extension for WindowsStandalone target not found
Refreshing native plugins compatible for Editor in 0.33 ms, found 0 plugins.
Preloading 0 native plugins for Editor in 0.00 ms.
Invoked RoslynAnalysisRunner static constructor.
RoslynAnalysisRunner will not be running.
RoslynAnalysisRunner has terminated.
Mono: successfully reloaded assembly
- Completed reload, in  1.635 seconds
Platform modules already initialized, skipping
Refreshing native plugins compatible for Editor in 0.32 ms, found 0 plugins.
Preloading 0 native plugins for Editor in 0.00 ms.
Unloading 1140 Unused Serialized files (Serialized files now loaded: 0)
System memory in use before: 64.1 MB.
System memory in use after: 63.7 MB.

Unloading 7 unused Assets to reduce memory usage. Loaded Objects now: 1625.
Total: 3.501500 ms (FindLiveObjects: 0.478700 ms CreateObjectMapping: 0.095700 ms MarkObjects: 2.260100 ms  DeleteObjects: 0.663800 ms)

========================================================================
Received Prepare
Registering precompiled user dll's ...
Registered in 0.001566 seconds.
Begin MonoManager ReloadAssembly
Native extension for WindowsStandalone target not found
Refreshing native plugins compatible for Editor in 0.42 ms, found 0 plugins.
Preloading 0 native plugins for Editor in 0.00 ms.
Invoked RoslynAnalysisRunner static constructor.
RoslynAnalysisRunner will not be running.
RoslynAnalysisRunner has terminated.
Mono: successfully reloaded assembly
- Completed reload, in  1.556 seconds
Platform modules already initialized, skipping
Refreshing native plugins compatible for Editor in 0.29 ms, found 0 plugins.
Preloading 0 native plugins for Editor in 0.00 ms.
Unloading 1140 Unused Serialized files (Serialized files now loaded: 0)
System memory in use before: 64.2 MB.
System memory in use after: 63.7 MB.

Unloading 7 unused Assets to reduce memory usage. Loaded Objects now: 1628.
Total: 3.732500 ms (FindLiveObjects: 0.678600 ms CreateObjectMapping: 0.199800 ms MarkObjects: 2.342600 ms  DeleteObjects: 0.507600 ms)

========================================================================
Received Prepare
Registering precompiled user dll's ...
Registered in 0.001344 seconds.
Begin MonoManager ReloadAssembly
Native extension for WindowsStandalone target not found
Refreshing native plugins compatible for Editor in 0.47 ms, found 0 plugins.
Preloading 0 native plugins for Editor in 0.00 ms.
Invoked RoslynAnalysisRunner static constructor.
RoslynAnalysisRunner will not be running.
RoslynAnalysisRunner has terminated.
Mono: successfully reloaded assembly
- Completed reload, in  1.573 seconds
Platform modules already initialized, skipping
Refreshing native plugins compatible for Editor in 0.30 ms, found 0 plugins.
Preloading 0 native plugins for Editor in 0.00 ms.
Unloading 1140 Unused Serialized files (Serialized files now loaded: 0)
System memory in use before: 64.2 MB.
System memory in use after: 63.7 MB.

Unloading 7 unused Assets to reduce memory usage. Loaded Objects now: 1631.
Total: 2.671900 ms (FindLiveObjects: 0.236000 ms CreateObjectMapping: 0.111500 ms MarkObjects: 1.794400 ms  DeleteObjects: 0.528500 ms)

========================================================================
Received Import Request.
  Time since last request: 305.854136 seconds.
  path: Assets/Azerilo/Demo Assets/Concrete.png
  artifactKey: Guid(54fe9336185816b42b71905ad8edb8ab) Importer(815301076,1909f56bfc062723c751e8b465ee728b)
Start importing Assets/Azerilo/Demo Assets/Concrete.png using Guid(54fe9336185816b42b71905ad8edb8ab) Importer(815301076,1909f56bfc062723c751e8b465ee728b)  -> (artifact id: 'f199b4fdb4c8a4a632bd2d821ef3ef50') in 0.133188 seconds
  Import took 0.135720 seconds .

========================================================================
Received Import Request.
  Time since last request: 0.000426 seconds.
  path: Assets/Azerilo/Demo Assets/Ground.mat
  artifactKey: Guid(aad598b43aa780247ae3dc593eceea9f) Importer(815301076,1909f56bfc062723c751e8b465ee728b)
Start importing Assets/Azerilo/Demo Assets/Ground.mat using Guid(aad598b43aa780247ae3dc593eceea9f) Importer(815301076,1909f56bfc062723c751e8b465ee728b)  -> (artifact id: '5675f59c971a202959094586baf0f830') in 0.265395 seconds
  Import took 0.267638 seconds .

========================================================================
Received Import Request.
  Time since last request: 2.237941 seconds.
  path: Assets/Azerilo/HQ Racing Car Model No.1203/Materials/black.mat
  artifactKey: Guid(14d9d9e7ae0536c42848e23d87fc3c3d) Importer(815301076,1909f56bfc062723c751e8b465ee728b)
Start importing Assets/Azerilo/HQ Racing Car Model No.1203/Materials/black.mat using Guid(14d9d9e7ae0536c42848e23d87fc3c3d) Importer(815301076,1909f56bfc062723c751e8b465ee728b)  -> (artifact id: 'd385e618da5b32806393338e6823abf4') in 0.027768 seconds
  Import took 0.030127 seconds .

========================================================================
Received Import Request.
  Time since last request: 0.000443 seconds.
  path: Assets/Azerilo/HQ Racing Car Model No.1203/Materials/details mat.mat
  artifactKey: Guid(0e69560617fd0d047ad1e0e2c2f7c39a) Importer(815301076,1909f56bfc062723c751e8b465ee728b)
Start importing Assets/Azerilo/HQ Racing Car Model No.1203/Materials/details mat.mat using Guid(0e69560617fd0d047ad1e0e2c2f7c39a) Importer(815301076,1909f56bfc062723c751e8b465ee728b)  -> (artifact id: 'c0bb562c532453f3637621f2b49287ae') in 0.331015 seconds
  Import took 0.334640 seconds .

========================================================================
Received Import Request.
  Time since last request: 0.000503 seconds.
  path: Assets/Azerilo/HQ Racing Car Model No.1203/Materials/BodyMat green.mat
  artifactKey: Guid(b8aff1ca3117a2b43aedfe829b696349) Importer(815301076,1909f56bfc062723c751e8b465ee728b)
Start importing Assets/Azerilo/HQ Racing Car Model No.1203/Materials/BodyMat green.mat using Guid(b8aff1ca3117a2b43aedfe829b696349) Importer(815301076,1909f56bfc062723c751e8b465ee728b)  -> (artifact id: '90f0d2b1a539283087816010bdc83be7') in 0.027575 seconds
  Import took 0.031005 seconds .

========================================================================
Received Import Request.
  Time since last request: 0.000448 seconds.
  path: Assets/Azerilo/HQ Racing Car Model No.1203/Materials/lambert13.mat
  artifactKey: Guid(628efa7affab98f4aae96f406cffe3ab) Importer(815301076,1909f56bfc062723c751e8b465ee728b)
Start importing Assets/Azerilo/HQ Racing Car Model No.1203/Materials/lambert13.mat using Guid(628efa7affab98f4aae96f406cffe3ab) Importer(815301076,1909f56bfc062723c751e8b465ee728b)  -> (artifact id: '77781035cd601f623adcd682348131a4') in 0.034713 seconds
  Import took 0.037392 seconds .

========================================================================
Received Import Request.
  Time since last request: 0.000359 seconds.
  path: Assets/Azerilo/HQ Racing Car Model No.1203/Materials/bottom mat.mat
  artifactKey: Guid(0102aa33ba3dec44f867529b125f6be9) Importer(815301076,1909f56bfc062723c751e8b465ee728b)
Start importing Assets/Azerilo/HQ Racing Car Model No.1203/Materials/bottom mat.mat using Guid(0102aa33ba3dec44f867529b125f6be9) Importer(815301076,1909f56bfc062723c751e8b465ee728b)  -> (artifact id: '6a746e159941eb64961e5edd55f1ab74') in 0.234917 seconds
  Import took 0.237371 seconds .

========================================================================
Received Import Request.
  Time since last request: 0.000385 seconds.
  path: Assets/Azerilo/HQ Racing Car Model No.1203/Materials/brake.mat
  artifactKey: Guid(24b53db0810cb2e4e9fa41151d8e51f9) Importer(815301076,1909f56bfc062723c751e8b465ee728b)
Start importing Assets/Azerilo/HQ Racing Car Model No.1203/Materials/brake.mat using Guid(24b53db0810cb2e4e9fa41151d8e51f9) Importer(815301076,1909f56bfc062723c751e8b465ee728b)  -> (artifact id: 'c84d72f445615969772f60502305cff8') in 0.028832 seconds
  Import took 0.032370 seconds .

========================================================================
Received Import Request.
  Time since last request: 0.000282 seconds.
  path: Assets/Azerilo/HQ Racing Car Model No.1203/Materials/BodyMat white.mat
  artifactKey: Guid(f4fec313c54858345b378310d32946d0) Importer(815301076,1909f56bfc062723c751e8b465ee728b)
Start importing Assets/Azerilo/HQ Racing Car Model No.1203/Materials/BodyMat white.mat using Guid(f4fec313c54858345b378310d32946d0) Importer(815301076,1909f56bfc062723c751e8b465ee728b)  -> (artifact id: '2c01f59e62ae1e934ef2f4a039686c47') in 0.048044 seconds
  Import took 0.051006 seconds .

========================================================================
Received Import Request.
  Time since last request: 0.000371 seconds.
  path: Assets/Azerilo/HQ Racing Car Model No.1203/Materials/motor mat.mat
  artifactKey: Guid(787167bf5fef8744da76db78856a0971) Importer(815301076,1909f56bfc062723c751e8b465ee728b)
Start importing Assets/Azerilo/HQ Racing Car Model No.1203/Materials/motor mat.mat using Guid(787167bf5fef8744da76db78856a0971) Importer(815301076,1909f56bfc062723c751e8b465ee728b)  -> (artifact id: 'f6a15751d300a69b7e2059b961545450') in 0.039477 seconds
  Import took 0.043155 seconds .

========================================================================
Received Import Request.
  Time since last request: 0.000440 seconds.
  path: Assets/Azerilo/HQ Racing Car Model No.1203/Materials/Rim mat.mat
  artifactKey: Guid(8974c888e3e1363488e79b1f2d84c1d1) Importer(815301076,1909f56bfc062723c751e8b465ee728b)
Start importing Assets/Azerilo/HQ Racing Car Model No.1203/Materials/Rim mat.mat using Guid(8974c888e3e1363488e79b1f2d84c1d1) Importer(815301076,1909f56bfc062723c751e8b465ee728b)  -> (artifact id: 'b97b3d5c2ef3e34dcbd1eeefbda3d999') in 0.038813 seconds
  Import took 0.044177 seconds .

========================================================================
Received Import Request.
  Time since last request: 0.000331 seconds.
  path: Assets/Azerilo/HQ Racing Car Model No.1203/Materials/ChromeMat 1.mat
  artifactKey: Guid(c866cdaea2e142244a2b8fff4bb6093f) Importer(815301076,1909f56bfc062723c751e8b465ee728b)
Start importing Assets/Azerilo/HQ Racing Car Model No.1203/Materials/ChromeMat 1.mat using Guid(c866cdaea2e142244a2b8fff4bb6093f) Importer(815301076,1909f56bfc062723c751e8b465ee728b)  -> (artifact id: '59588dd3108189be5283b9ce70ee6898') in 0.036806 seconds
  Import took 0.040384 seconds .

========================================================================
Received Import Request.
  Time since last request: 0.000429 seconds.
  path: Assets/Azerilo/HQ Racing Car Model No.1203/Materials/BodyMat black.mat
  artifactKey: Guid(c35c7d5e33766674d8a3e2078892b059) Importer(815301076,1909f56bfc062723c751e8b465ee728b)
Start importing Assets/Azerilo/HQ Racing Car Model No.1203/Materials/BodyMat black.mat using Guid(c35c7d5e33766674d8a3e2078892b059) Importer(815301076,1909f56bfc062723c751e8b465ee728b)  -> (artifact id: '050125b4d3939f4f35ebbe9ce99ae965') in 0.045626 seconds
  Import took 0.048985 seconds .

========================================================================
Received Import Request.
  Time since last request: 0.000458 seconds.
  path: Assets/Azerilo/HQ Racing Car Model No.1203/Materials/plate mat.mat
  artifactKey: Guid(afdacd55b0710d245a3b9b11017cd409) Importer(815301076,1909f56bfc062723c751e8b465ee728b)
Start importing Assets/Azerilo/HQ Racing Car Model No.1203/Materials/plate mat.mat using Guid(afdacd55b0710d245a3b9b11017cd409) Importer(815301076,1909f56bfc062723c751e8b465ee728b)  -> (artifact id: '967c3cb790d341dc27db7783521acad8') in 0.041118 seconds
  Import took 0.044717 seconds .

========================================================================
Received Import Request.
  Time since last request: 0.000320 seconds.
  path: Assets/Azerilo/HQ Racing Car Model No.1203/Materials/tire mat.mat
  artifactKey: Guid(5d39f68aab1b1a04e8da3b0a0b896050) Importer(815301076,1909f56bfc062723c751e8b465ee728b)
Start importing Assets/Azerilo/HQ Racing Car Model No.1203/Materials/tire mat.mat using Guid(5d39f68aab1b1a04e8da3b0a0b896050) Importer(815301076,1909f56bfc062723c751e8b465ee728b)  -> (artifact id: '5f28230909118de7f662bff10eb0c5af') in 0.046473 seconds
  Import took 0.049664 seconds .

========================================================================
Received Import Request.
  Time since last request: 0.000275 seconds.
  path: Assets/Azerilo/HQ Racing Car Model No.1203/Materials/tire border mat.mat
  artifactKey: Guid(de2d443f9c62a4347b57c1de3137d2ad) Importer(815301076,1909f56bfc062723c751e8b465ee728b)
Start importing Assets/Azerilo/HQ Racing Car Model No.1203/Materials/tire border mat.mat using Guid(de2d443f9c62a4347b57c1de3137d2ad) Importer(815301076,1909f56bfc062723c751e8b465ee728b)  -> (artifact id: '8c7fb065040a55636f9abd1c39659c87') in 0.041790 seconds
  Import took 0.044521 seconds .

========================================================================
Received Import Request.
  Time since last request: 0.000351 seconds.
  path: Assets/Azerilo/HQ Racing Car Model No.1203/Materials/dashboard mat.mat
  artifactKey: Guid(fb8ff69351a2cd44596311aa9afc08f3) Importer(815301076,1909f56bfc062723c751e8b465ee728b)
Start importing Assets/Azerilo/HQ Racing Car Model No.1203/Materials/dashboard mat.mat using Guid(fb8ff69351a2cd44596311aa9afc08f3) Importer(815301076,1909f56bfc062723c751e8b465ee728b)  -> (artifact id: 'bc41300521bca54f8cc923c8c4cd73b7') in 0.047627 seconds
  Import took 0.052261 seconds .

========================================================================
Received Import Request.
  Time since last request: 0.000367 seconds.
  path: Assets/Azerilo/HQ Racing Car Model No.1203/Mesh/wheel_front_right.fbx
  artifactKey: Guid(fe191528494ca88499cbd9155cd9ec06) Importer(815301076,1909f56bfc062723c751e8b465ee728b)
Start importing Assets/Azerilo/HQ Racing Car Model No.1203/Mesh/wheel_front_right.fbx using Guid(fe191528494ca88499cbd9155cd9ec06) Importer(815301076,1909f56bfc062723c751e8b465ee728b)  -> (artifact id: '0b85be3480962534625587712a35ddea') in 0.183596 seconds
  Import took 0.187278 seconds .

========================================================================
Received Import Request.
  Time since last request: 0.000401 seconds.
  path: Assets/Azerilo/HQ Racing Car Model No.1203/Mesh/car 1203.fbx
  artifactKey: Guid(09daf63b07ae7ae438ec02fd869b9967) Importer(815301076,1909f56bfc062723c751e8b465ee728b)
Start importing Assets/Azerilo/HQ Racing Car Model No.1203/Mesh/car 1203.fbx using Guid(09daf63b07ae7ae438ec02fd869b9967) Importer(815301076,1909f56bfc062723c751e8b465ee728b)  -> (artifact id: 'd24f76f72a16336ee2ff29ddca9edf10') in 0.332603 seconds
  Import took 0.335973 seconds .

========================================================================
Received Import Request.
  Time since last request: 0.001247 seconds.
  path: Assets/Azerilo/HQ Racing Car Model No.1203/Mesh/wheel_back_right.fbx
  artifactKey: Guid(719e92a1bc4eac04ebbab46ac34961a9) Importer(815301076,1909f56bfc062723c751e8b465ee728b)
Start importing Assets/Azerilo/HQ Racing Car Model No.1203/Mesh/wheel_back_right.fbx using Guid(719e92a1bc4eac04ebbab46ac34961a9) Importer(815301076,1909f56bfc062723c751e8b465ee728b)  -> (artifact id: '2afc808632c951db4dc1e0f0f1758f5d') in 0.155856 seconds
  Import took 0.161575 seconds .

========================================================================
Received Import Request.
  Time since last request: 0.000361 seconds.
  path: Assets/Azerilo/HQ Racing Car Model No.1203/Prefabs/car 1203 green.prefab
  artifactKey: Guid(e0bdb7ccbea6bdc4195d5f0ca4f5a092) Importer(815301076,1909f56bfc062723c751e8b465ee728b)
Start importing Assets/Azerilo/HQ Racing Car Model No.1203/Prefabs/car 1203 green.prefab using Guid(e0bdb7ccbea6bdc4195d5f0ca4f5a092) Importer(815301076,1909f56bfc062723c751e8b465ee728b)  -> (artifact id: '34d1853e54a6cbc94ed03d6bd20da7dc') in 0.489748 seconds
  Import took 0.507072 seconds .

========================================================================
Received Import Request.
  Time since last request: 0.000791 seconds.
  path: Assets/Azerilo/HQ Racing Car Model No.1203/Prefabs/car 1203 yellow.prefab
  artifactKey: Guid(3876e5469a8e4774c8e455e83060541e) Importer(815301076,1909f56bfc062723c751e8b465ee728b)
Start importing Assets/Azerilo/HQ Racing Car Model No.1203/Prefabs/car 1203 yellow.prefab using Guid(3876e5469a8e4774c8e455e83060541e) Importer(815301076,1909f56bfc062723c751e8b465ee728b)  -> (artifact id: 'bcdfb07901d6b90d81bb932f5eb6b40a') in 0.110563 seconds
  Import took 0.116189 seconds .

========================================================================
Received Import Request.
  Time since last request: 0.000425 seconds.
  path: Assets/Azerilo/HQ Racing Car Model No.1203/Prefabs/wheel_front_right.prefab
  artifactKey: Guid(ca970b0687dbd6f46baed8c70137e880) Importer(815301076,1909f56bfc062723c751e8b465ee728b)
Start importing Assets/Azerilo/HQ Racing Car Model No.1203/Prefabs/wheel_front_right.prefab using Guid(ca970b0687dbd6f46baed8c70137e880) Importer(815301076,1909f56bfc062723c751e8b465ee728b)  -> (artifact id: '088c91581023dfa22bad037b26bbe0ec') in 0.043102 seconds
  Import took 0.053193 seconds .

========================================================================
Received Import Request.
  Time since last request: 0.000593 seconds.
  path: Assets/Azerilo/HQ Racing Car Model No.1203/Prefabs/car 1203 white.prefab
  artifactKey: Guid(fb0b25f26d24e164ba70cdc1d4a7b35e) Importer(815301076,1909f56bfc062723c751e8b465ee728b)
Start importing Assets/Azerilo/HQ Racing Car Model No.1203/Prefabs/car 1203 white.prefab using Guid(fb0b25f26d24e164ba70cdc1d4a7b35e) Importer(815301076,1909f56bfc062723c751e8b465ee728b)  -> (artifact id: '8f3da5acdc1516483b2a9a4ce7686e01') in 0.092207 seconds
  Import took 0.102163 seconds .

========================================================================
Received Import Request.
  Time since last request: 0.000335 seconds.
  path: Assets/Azerilo/HQ Racing Car Model No.1203/Prefabs/car 1203 blue.prefab
  artifactKey: Guid(5d2d294a55c8dad4f863791b2ec6aa9e) Importer(815301076,1909f56bfc062723c751e8b465ee728b)
Start importing Assets/Azerilo/HQ Racing Car Model No.1203/Prefabs/car 1203 blue.prefab using Guid(5d2d294a55c8dad4f863791b2ec6aa9e) Importer(815301076,1909f56bfc062723c751e8b465ee728b)  -> (artifact id: 'a419da507dd9a29a4ca320359388ec5f') in 0.059793 seconds
  Import took 0.063416 seconds .

========================================================================
Received Import Request.
  Time since last request: 0.000350 seconds.
  path: Assets/Azerilo/HQ Racing Car Model No.1203/Prefabs/car 1203 black.prefab
  artifactKey: Guid(cbb8e6d260264894d9ad98063dbb89ea) Importer(815301076,1909f56bfc062723c751e8b465ee728b)
Start importing Assets/Azerilo/HQ Racing Car Model No.1203/Prefabs/car 1203 black.prefab using Guid(cbb8e6d260264894d9ad98063dbb89ea) Importer(815301076,1909f56bfc062723c751e8b465ee728b)  -> (artifact id: 'fd8408a9aef671cc787a369b5c8dc9e0') in 0.058261 seconds
  Import took 0.062511 seconds .

========================================================================
Received Import Request.
  Time since last request: 0.000408 seconds.
  path: Assets/Azerilo/HQ Racing Car Model No.1203/Materials/BodyMat blue.mat
  artifactKey: Guid(d796cd947be0fc341aeee42ba0f62719) Importer(815301076,1909f56bfc062723c751e8b465ee728b)
Start importing Assets/Azerilo/HQ Racing Car Model No.1203/Materials/BodyMat blue.mat using Guid(d796cd947be0fc341aeee42ba0f62719) Importer(815301076,1909f56bfc062723c751e8b465ee728b)  -> (artifact id: '39ce4eaff40331ec17c3d166bd63f3d5') in 0.033058 seconds
  Import took 0.036539 seconds .

========================================================================
Received Import Request.
  Time since last request: 0.000296 seconds.
  path: Assets/Azerilo/HQ Racing Car Model No.1203/Prefabs/car 1203 black.prefab
  artifactKey: Guid(cbb8e6d260264894d9ad98063dbb89ea) Importer(815301076,1909f56bfc062723c751e8b465ee728b)
Start importing Assets/Azerilo/HQ Racing Car Model No.1203/Prefabs/car 1203 black.prefab using Guid(cbb8e6d260264894d9ad98063dbb89ea) Importer(815301076,1909f56bfc062723c751e8b465ee728b)  -> (artifact id: 'fd8408a9aef671cc787a369b5c8dc9e0') in 0.062117 seconds
  Import took 0.066015 seconds .

========================================================================
Received Import Request.
  Time since last request: 0.000395 seconds.
  path: Assets/Azerilo/HQ Racing Car Model No.1203/Materials/BodyMat yellow.mat
  artifactKey: Guid(ef3b15cf9bd765c4788cfc731869c25e) Importer(815301076,1909f56bfc062723c751e8b465ee728b)
Start importing Assets/Azerilo/HQ Racing Car Model No.1203/Materials/BodyMat yellow.mat using Guid(ef3b15cf9bd765c4788cfc731869c25e) Importer(815301076,1909f56bfc062723c751e8b465ee728b)  -> (artifact id: 'c7f05d6557ce2ac095218d78faa0bba2') in 0.041019 seconds
  Import took 0.044598 seconds .

========================================================================
Received Import Request.
  Time since last request: 0.000427 seconds.
  path: Assets/Azerilo/HQ Racing Car Model No.1203/Materials/brake disk.mat
  artifactKey: Guid(bb63a0f10fdb92741a579305815b466b) Importer(815301076,1909f56bfc062723c751e8b465ee728b)
Start importing Assets/Azerilo/HQ Racing Car Model No.1203/Materials/brake disk.mat using Guid(bb63a0f10fdb92741a579305815b466b) Importer(815301076,1909f56bfc062723c751e8b465ee728b)  -> (artifact id: '0f535e3e2f014266942bcd8df2e4a355') in 0.035812 seconds
  Import took 0.039075 seconds .

========================================================================
Received Import Request.
  Time since last request: 0.000400 seconds.
  path: Assets/Azerilo/HQ Racing Car Model No.1203/Prefabs/wheel_back_right.prefab
  artifactKey: Guid(a340fbe2b647da2429920ebf9de43872) Importer(815301076,1909f56bfc062723c751e8b465ee728b)
Start importing Assets/Azerilo/HQ Racing Car Model No.1203/Prefabs/wheel_back_right.prefab using Guid(a340fbe2b647da2429920ebf9de43872) Importer(815301076,1909f56bfc062723c751e8b465ee728b)  -> (artifact id: '26db8c6ce118f58e453014a5096cac53') in 0.056724 seconds
  Import took 0.061312 seconds .

========================================================================
Received Import Request.
  Time since last request: 0.000393 seconds.
  path: Assets/Azerilo/HQ Racing Car Model No.1203/Materials/lambert1.mat
  artifactKey: Guid(dea36205ec5216a4eae9144bec6205f8) Importer(815301076,1909f56bfc062723c751e8b465ee728b)
Start importing Assets/Azerilo/HQ Racing Car Model No.1203/Materials/lambert1.mat using Guid(dea36205ec5216a4eae9144bec6205f8) Importer(815301076,1909f56bfc062723c751e8b465ee728b)  -> (artifact id: '26a635b9364404bdc8cb3ddcad966a46') in 0.045563 seconds
  Import took 0.050386 seconds .

========================================================================
Received Import Request.
  Time since last request: 0.000389 seconds.
  path: Assets/Azerilo/HQ Racing Car Model No.1203/Materials/Glass mat.mat
  artifactKey: Guid(ecf4e798430af3040b1d0a57b43453f8) Importer(815301076,1909f56bfc062723c751e8b465ee728b)
Start importing Assets/Azerilo/HQ Racing Car Model No.1203/Materials/Glass mat.mat using Guid(ecf4e798430af3040b1d0a57b43453f8) Importer(815301076,1909f56bfc062723c751e8b465ee728b)  -> (artifact id: '58a7937bbcd7b54cd24bb2b006c2be07') in 0.036221 seconds
  Import took 0.040936 seconds .

========================================================================
Received Prepare
Registering precompiled user dll's ...
Registered in 0.001085 seconds.
Begin MonoManager ReloadAssembly
Native extension for WindowsStandalone target not found
Refreshing native plugins compatible for Editor in 0.27 ms, found 0 plugins.
Preloading 0 native plugins for Editor in 0.00 ms.
Invoked RoslynAnalysisRunner static constructor.
RoslynAnalysisRunner will not be running.
RoslynAnalysisRunner has terminated.
Mono: successfully reloaded assembly
- Completed reload, in  1.444 seconds
Platform modules already initialized, skipping
Refreshing native plugins compatible for Editor in 0.25 ms, found 0 plugins.
Preloading 0 native plugins for Editor in 0.00 ms.
Unloading 1140 Unused Serialized files (Serialized files now loaded: 0)
System memory in use before: 64.7 MB.
System memory in use after: 64.2 MB.

Unloading 7 unused Assets to reduce memory usage. Loaded Objects now: 1672.
Total: 2.939600 ms (FindLiveObjects: 0.237400 ms CreateObjectMapping: 0.069000 ms MarkObjects: 2.149100 ms  DeleteObjects: 0.483000 ms)

========================================================================
Received Prepare
Registering precompiled user dll's ...
Registered in 0.001336 seconds.
Begin MonoManager ReloadAssembly
Native extension for WindowsStandalone target not found
Refreshing native plugins compatible for Editor in 0.34 ms, found 0 plugins.
Preloading 0 native plugins for Editor in 0.00 ms.
Invoked RoslynAnalysisRunner static constructor.
RoslynAnalysisRunner will not be running.
RoslynAnalysisRunner has terminated.
Mono: successfully reloaded assembly
- Completed reload, in  1.466 seconds
Platform modules already initialized, skipping
Refreshing native plugins compatible for Editor in 0.55 ms, found 0 plugins.
Preloading 0 native plugins for Editor in 0.00 ms.
Unloading 1140 Unused Serialized files (Serialized files now loaded: 0)
System memory in use before: 64.7 MB.
System memory in use after: 64.2 MB.

Unloading 7 unused Assets to reduce memory usage. Loaded Objects now: 1675.
Total: 3.322700 ms (FindLiveObjects: 0.266600 ms CreateObjectMapping: 0.061900 ms MarkObjects: 2.431500 ms  DeleteObjects: 0.560900 ms)

========================================================================
Received Prepare
Registering precompiled user dll's ...
Registered in 0.001417 seconds.
Begin MonoManager ReloadAssembly
Native extension for WindowsStandalone target not found
Refreshing native plugins compatible for Editor in 0.32 ms, found 0 plugins.
Preloading 0 native plugins for Editor in 0.00 ms.
Invoked RoslynAnalysisRunner static constructor.
RoslynAnalysisRunner will not be running.
RoslynAnalysisRunner has terminated.
Mono: successfully reloaded assembly
- Completed reload, in  1.587 seconds
Platform modules already initialized, skipping
Refreshing native plugins compatible for Editor in 0.28 ms, found 0 plugins.
Preloading 0 native plugins for Editor in 0.00 ms.
Unloading 1140 Unused Serialized files (Serialized files now loaded: 0)
System memory in use before: 64.7 MB.
System memory in use after: 64.2 MB.

Unloading 7 unused Assets to reduce memory usage. Loaded Objects now: 1678.
Total: 3.310500 ms (FindLiveObjects: 0.260000 ms CreateObjectMapping: 0.122700 ms MarkObjects: 2.378400 ms  DeleteObjects: 0.547700 ms)

========================================================================
Received Prepare
Registering precompiled user dll's ...
Registered in 0.001608 seconds.
Begin MonoManager ReloadAssembly
Native extension for WindowsStandalone target not found
Refreshing native plugins compatible for Editor in 0.53 ms, found 0 plugins.
Preloading 0 native plugins for Editor in 0.00 ms.
Invoked RoslynAnalysisRunner static constructor.
RoslynAnalysisRunner will not be running.
RoslynAnalysisRunner has terminated.
Mono: successfully reloaded assembly
- Completed reload, in  1.494 seconds
Platform modules already initialized, skipping
Refreshing native plugins compatible for Editor in 0.44 ms, found 0 plugins.
Preloading 0 native plugins for Editor in 0.00 ms.
Unloading 1140 Unused Serialized files (Serialized files now loaded: 0)
System memory in use before: 64.7 MB.
System memory in use after: 64.2 MB.

Unloading 7 unused Assets to reduce memory usage. Loaded Objects now: 1681.
Total: 3.858800 ms (FindLiveObjects: 0.222600 ms CreateObjectMapping: 0.063100 ms MarkObjects: 2.645100 ms  DeleteObjects: 0.925800 ms)

========================================================================
Received Prepare
Registering precompiled user dll's ...
Registered in 0.001339 seconds.
Begin MonoManager ReloadAssembly
Native extension for WindowsStandalone target not found
Refreshing native plugins compatible for Editor in 0.31 ms, found 0 plugins.
Preloading 0 native plugins for Editor in 0.00 ms.
Invoked RoslynAnalysisRunner static constructor.
RoslynAnalysisRunner will not be running.
RoslynAnalysisRunner has terminated.
Mono: successfully reloaded assembly
- Completed reload, in  1.534 seconds
Platform modules already initialized, skipping
Refreshing native plugins compatible for Editor in 0.32 ms, found 0 plugins.
Preloading 0 native plugins for Editor in 0.00 ms.
Unloading 1140 Unused Serialized files (Serialized files now loaded: 0)
System memory in use before: 64.7 MB.
System memory in use after: 64.2 MB.

Unloading 7 unused Assets to reduce memory usage. Loaded Objects now: 1684.
Total: 3.590800 ms (FindLiveObjects: 0.317400 ms CreateObjectMapping: 0.130600 ms MarkObjects: 2.483700 ms  DeleteObjects: 0.657200 ms)

========================================================================
Received Prepare
Registering precompiled user dll's ...
Registered in 0.001554 seconds.
Begin MonoManager ReloadAssembly
Native extension for WindowsStandalone target not found
Refreshing native plugins compatible for Editor in 0.28 ms, found 0 plugins.
Preloading 0 native plugins for Editor in 0.00 ms.
Invoked RoslynAnalysisRunner static constructor.
RoslynAnalysisRunner will not be running.
RoslynAnalysisRunner has terminated.
Mono: successfully reloaded assembly
- Completed reload, in  1.412 seconds
Platform modules already initialized, skipping
Refreshing native plugins compatible for Editor in 0.28 ms, found 0 plugins.
Preloading 0 native plugins for Editor in 0.00 ms.
Unloading 1140 Unused Serialized files (Serialized files now loaded: 0)
System memory in use before: 64.7 MB.
System memory in use after: 64.3 MB.

Unloading 7 unused Assets to reduce memory usage. Loaded Objects now: 1687.
Total: 3.671900 ms (FindLiveObjects: 0.331300 ms CreateObjectMapping: 0.073300 ms MarkObjects: 2.773900 ms  DeleteObjects: 0.491000 ms)

========================================================================
Received Import Request.
  Time since last request: 590.583103 seconds.
  path: Assets/Standard Assets/Cameras/Prefabs/CctvCamera.prefab
  artifactKey: Guid(851d11542d51c464e89acf6875599172) Importer(815301076,1909f56bfc062723c751e8b465ee728b)
Start importing Assets/Standard Assets/Cameras/Prefabs/CctvCamera.prefab using Guid(851d11542d51c464e89acf6875599172) Importer(815301076,1909f56bfc062723c751e8b465ee728b)  -> (artifact id: '63ca72539293e96bc0dd850552543a51') in 0.046224 seconds
  Import took 0.048773 seconds .

========================================================================
Received Import Request.
  Time since last request: 0.000465 seconds.
  path: Assets/Standard Assets/Cameras/Prefabs/FreeLookCameraRig.prefab
  artifactKey: Guid(49a0e923d39ec3c4c8bb97699e2f2903) Importer(815301076,1909f56bfc062723c751e8b465ee728b)
Start importing Assets/Standard Assets/Cameras/Prefabs/FreeLookCameraRig.prefab using Guid(49a0e923d39ec3c4c8bb97699e2f2903) Importer(815301076,1909f56bfc062723c751e8b465ee728b)  -> (artifact id: '92602449a296d602f8892b6802e9db1a') in 0.018400 seconds
  Import took 0.021518 seconds .

========================================================================
Received Import Request.
  Time since last request: 0.000449 seconds.
  path: Assets/Standard Assets/Cameras/Prefabs/HandheldCamera.prefab
  artifactKey: Guid(a5be31db3f71b0642af74fe491b4bc89) Importer(815301076,1909f56bfc062723c751e8b465ee728b)
Start importing Assets/Standard Assets/Cameras/Prefabs/HandheldCamera.prefab using Guid(a5be31db3f71b0642af74fe491b4bc89) Importer(815301076,1909f56bfc062723c751e8b465ee728b)  -> (artifact id: '3cef76f7042415a931200f6d249b038d') in 0.028514 seconds
  Import took 0.033466 seconds .

========================================================================
Received Import Request.
  Time since last request: 0.000467 seconds.
  path: Assets/Standard Assets/Cameras/Prefabs/MultipurposeCameraRig.prefab
  artifactKey: Guid(baec086904791744185aaa07a6cf55c2) Importer(815301076,1909f56bfc062723c751e8b465ee728b)
Start importing Assets/Standard Assets/Cameras/Prefabs/MultipurposeCameraRig.prefab using Guid(baec086904791744185aaa07a6cf55c2) Importer(815301076,1909f56bfc062723c751e8b465ee728b)  -> (artifact id: 'dc6e0a6faf10620014921f064d59f6b8') in 0.022248 seconds
  Import took 0.025321 seconds .

========================================================================
Received Prepare
Registering precompiled user dll's ...
Registered in 0.001129 seconds.
Begin MonoManager ReloadAssembly
Native extension for WindowsStandalone target not found
Refreshing native plugins compatible for Editor in 0.32 ms, found 0 plugins.
Preloading 0 native plugins for Editor in 0.00 ms.
Invoked RoslynAnalysisRunner static constructor.
RoslynAnalysisRunner will not be running.
RoslynAnalysisRunner has terminated.
Mono: successfully reloaded assembly
- Completed reload, in  1.292 seconds
Platform modules already initialized, skipping
Refreshing native plugins compatible for Editor in 0.28 ms, found 0 plugins.
Preloading 0 native plugins for Editor in 0.00 ms.
Unloading 1140 Unused Serialized files (Serialized files now loaded: 0)
System memory in use before: 64.7 MB.
System memory in use after: 64.3 MB.

Unloading 7 unused Assets to reduce memory usage. Loaded Objects now: 1690.
Total: 2.843600 ms (FindLiveObjects: 0.205500 ms CreateObjectMapping: 0.053900 ms MarkObjects: 2.147700 ms  DeleteObjects: 0.435200 ms)

========================================================================
Received Prepare
Registering precompiled user dll's ...
Registered in 0.000941 seconds.
Begin MonoManager ReloadAssembly
Native extension for WindowsStandalone target not found
Refreshing native plugins compatible for Editor in 0.32 ms, found 0 plugins.
Preloading 0 native plugins for Editor in 0.00 ms.
Invoked RoslynAnalysisRunner static constructor.
RoslynAnalysisRunner will not be running.
RoslynAnalysisRunner has terminated.
Mono: successfully reloaded assembly
- Completed reload, in  1.288 seconds
Platform modules already initialized, skipping
Refreshing native plugins compatible for Editor in 0.32 ms, found 0 plugins.
Preloading 0 native plugins for Editor in 0.00 ms.
Unloading 1140 Unused Serialized files (Serialized files now loaded: 0)
System memory in use before: 64.8 MB.
System memory in use after: 64.3 MB.

Unloading 7 unused Assets to reduce memory usage. Loaded Objects now: 1693.
Total: 3.127900 ms (FindLiveObjects: 0.179200 ms CreateObjectMapping: 0.049300 ms MarkObjects: 2.136000 ms  DeleteObjects: 0.762400 ms)

AssetImportWorkerClient::OnTransportError - code=2 error=End of file
